<?xml version="1.0" encoding="UTF-8"?>
<!-- Generated by org.testng.reporters.JUnitReportReporter -->
<testsuite hostname="DESKTOP-V1KIB6K" failures="0" tests="1" name="snippet.SnippetTest" time="0.012" errors="0" timestamp="2020-10-20T10:11:14 IST" skipped="0">
  <testcase classname="snippet.SnippetTest" name="cmdTest" time="0.012"/>
  <system-out/>
</testsuite> <!-- snippet.SnippetTest -->
